<?xml version="1.0" encoding="UTF-8"?><testrun name="CustomerTests" project="cab302-asgn2-434d3ada012f" tests="34" started="34" failures="2" errors="0" ignored="0">
  <testsuite name="asgn2Tests.CustomerTests" time="0.002">
    <testcase name="GeneralTestDriverDeliveryCustomer" classname="asgn2Tests.CustomerTests" time="0.001"/>
    <testcase name="TestConsumerException10" classname="asgn2Tests.CustomerTests" time="0.0"/>
    <testcase name="TestConsumerException11" classname="asgn2Tests.CustomerTests" time="0.0"/>
    <testcase name="GeneralTestAbstractCustomerClass" classname="asgn2Tests.CustomerTests" time="0.0"/>
    <testcase name="ExceptionTestDroneDelivery1" classname="asgn2Tests.CustomerTests" time="0.0"/>
    <testcase name="ExceptionTestDroneDelivery2" classname="asgn2Tests.CustomerTests" time="0.0"/>
    <testcase name="ExceptionTestDroneDelivery3" classname="asgn2Tests.CustomerTests" time="0.0"/>
    <testcase name="ExceptionTestDroneDelivery4" classname="asgn2Tests.CustomerTests" time="0.0"/>
    <testcase name="ExceptionTestDroneDelivery5" classname="asgn2Tests.CustomerTests" time="0.0"/>
    <testcase name="ExceptionTestDroneDelivery6" classname="asgn2Tests.CustomerTests" time="0.0"/>
    <testcase name="ExceptionTestDroneDelivery7" classname="asgn2Tests.CustomerTests" time="0.0"/>
    <testcase name="ExceptionTestDroneDelivery8" classname="asgn2Tests.CustomerTests" time="0.0"/>
    <testcase name="ExceptionTestDroneDelivery9" classname="asgn2Tests.CustomerTests" time="0.0"/>
    <testcase name="ExceptionTestPickuUpCustomer10" classname="asgn2Tests.CustomerTests" time="0.0"/>
    <testcase name="ExceptionTestPickuUpCustomer11" classname="asgn2Tests.CustomerTests" time="0.0"/>
    <testcase name="ExceptionTestPickuUpCustomer1" classname="asgn2Tests.CustomerTests" time="0.0"/>
    <testcase name="ExceptionTestPickuUpCustomer2" classname="asgn2Tests.CustomerTests" time="0.0"/>
    <testcase name="ExceptionTestPickuUpCustomer3" classname="asgn2Tests.CustomerTests" time="0.0"/>
    <testcase name="ExceptionTestPickuUpCustomer4" classname="asgn2Tests.CustomerTests" time="0.0"/>
    <testcase name="ExceptionTestPickuUpCustomer5" classname="asgn2Tests.CustomerTests" time="0.0"/>
    <testcase name="ExceptionTestPickuUpCustomer6" classname="asgn2Tests.CustomerTests" time="0.0"/>
    <testcase name="ExceptionTestPickuUpCustomer7" classname="asgn2Tests.CustomerTests" time="0.0"/>
    <testcase name="ExceptionTestPickuUpCustomer8" classname="asgn2Tests.CustomerTests" time="0.0"/>
    <testcase name="ExceptionTestPickuUpCustomer9" classname="asgn2Tests.CustomerTests" time="0.0"/>
    <testcase name="GeneralTestDroneDeliveryCustomer" classname="asgn2Tests.CustomerTests" time="0.0">
      <failure>
        <expected>Delivery Drone</expected>
        <actual>DNC</actual>org.junit.ComparisonFailure: expected:&lt;D[elivery Drone]&gt; but was:&lt;D[NC]&gt;&#13;
	at org.junit.Assert.assertEquals(Assert.java:115)&#13;
	at org.junit.Assert.assertEquals(Assert.java:144)&#13;
	at asgn2Tests.CustomerTests.GeneralTestDroneDeliveryCustomer(CustomerTests.java:151)&#13;
	at sun.reflect.NativeMethodAccessorImpl.invoke0(Native Method)&#13;
	at sun.reflect.NativeMethodAccessorImpl.invoke(Unknown Source)&#13;
	at sun.reflect.DelegatingMethodAccessorImpl.invoke(Unknown Source)&#13;
	at java.lang.reflect.Method.invoke(Unknown Source)&#13;
	at org.junit.runners.model.FrameworkMethod$1.runReflectiveCall(FrameworkMethod.java:50)&#13;
	at org.junit.internal.runners.model.ReflectiveCallable.run(ReflectiveCallable.java:12)&#13;
	at org.junit.runners.model.FrameworkMethod.invokeExplosively(FrameworkMethod.java:47)&#13;
	at org.junit.internal.runners.statements.InvokeMethod.evaluate(InvokeMethod.java:17)&#13;
	at org.junit.runners.ParentRunner.runLeaf(ParentRunner.java:325)&#13;
	at org.junit.runners.BlockJUnit4ClassRunner.runChild(BlockJUnit4ClassRunner.java:78)&#13;
	at org.junit.runners.BlockJUnit4ClassRunner.runChild(BlockJUnit4ClassRunner.java:57)&#13;
	at org.junit.runners.ParentRunner$3.run(ParentRunner.java:290)&#13;
	at org.junit.runners.ParentRunner$1.schedule(ParentRunner.java:71)&#13;
	at org.junit.runners.ParentRunner.runChildren(ParentRunner.java:288)&#13;
	at org.junit.runners.ParentRunner.access$000(ParentRunner.java:58)&#13;
	at org.junit.runners.ParentRunner$2.evaluate(ParentRunner.java:268)&#13;
	at org.junit.runners.ParentRunner.run(ParentRunner.java:363)&#13;
	at org.eclipse.jdt.internal.junit4.runner.JUnit4TestReference.run(JUnit4TestReference.java:86)&#13;
	at org.eclipse.jdt.internal.junit.runner.TestExecution.run(TestExecution.java:38)&#13;
	at org.eclipse.jdt.internal.junit.runner.RemoteTestRunner.runTests(RemoteTestRunner.java:459)&#13;
	at org.eclipse.jdt.internal.junit.runner.RemoteTestRunner.runTests(RemoteTestRunner.java:678)&#13;
	at org.eclipse.jdt.internal.junit.runner.RemoteTestRunner.run(RemoteTestRunner.java:382)&#13;
	at org.eclipse.jdt.internal.junit.runner.RemoteTestRunner.main(RemoteTestRunner.java:192)&#13;
&#13;
</failure>
    </testcase>
    <testcase name="GeneralTestPickUpCustomer" classname="asgn2Tests.CustomerTests" time="0.0">
      <failure>
        <expected>Pick Up Customer</expected>
        <actual>PUC</actual>org.junit.ComparisonFailure: expected:&lt;P[ick Up Customer]&gt; but was:&lt;P[UC]&gt;&#13;
	at org.junit.Assert.assertEquals(Assert.java:115)&#13;
	at org.junit.Assert.assertEquals(Assert.java:144)&#13;
	at asgn2Tests.CustomerTests.GeneralTestPickUpCustomer(CustomerTests.java:165)&#13;
	at sun.reflect.NativeMethodAccessorImpl.invoke0(Native Method)&#13;
	at sun.reflect.NativeMethodAccessorImpl.invoke(Unknown Source)&#13;
	at sun.reflect.DelegatingMethodAccessorImpl.invoke(Unknown Source)&#13;
	at java.lang.reflect.Method.invoke(Unknown Source)&#13;
	at org.junit.runners.model.FrameworkMethod$1.runReflectiveCall(FrameworkMethod.java:50)&#13;
	at org.junit.internal.runners.model.ReflectiveCallable.run(ReflectiveCallable.java:12)&#13;
	at org.junit.runners.model.FrameworkMethod.invokeExplosively(FrameworkMethod.java:47)&#13;
	at org.junit.internal.runners.statements.InvokeMethod.evaluate(InvokeMethod.java:17)&#13;
	at org.junit.runners.ParentRunner.runLeaf(ParentRunner.java:325)&#13;
	at org.junit.runners.BlockJUnit4ClassRunner.runChild(BlockJUnit4ClassRunner.java:78)&#13;
	at org.junit.runners.BlockJUnit4ClassRunner.runChild(BlockJUnit4ClassRunner.java:57)&#13;
	at org.junit.runners.ParentRunner$3.run(ParentRunner.java:290)&#13;
	at org.junit.runners.ParentRunner$1.schedule(ParentRunner.java:71)&#13;
	at org.junit.runners.ParentRunner.runChildren(ParentRunner.java:288)&#13;
	at org.junit.runners.ParentRunner.access$000(ParentRunner.java:58)&#13;
	at org.junit.runners.ParentRunner$2.evaluate(ParentRunner.java:268)&#13;
	at org.junit.runners.ParentRunner.run(ParentRunner.java:363)&#13;
	at org.eclipse.jdt.internal.junit4.runner.JUnit4TestReference.run(JUnit4TestReference.java:86)&#13;
	at org.eclipse.jdt.internal.junit.runner.TestExecution.run(TestExecution.java:38)&#13;
	at org.eclipse.jdt.internal.junit.runner.RemoteTestRunner.runTests(RemoteTestRunner.java:459)&#13;
	at org.eclipse.jdt.internal.junit.runner.RemoteTestRunner.runTests(RemoteTestRunner.java:678)&#13;
	at org.eclipse.jdt.internal.junit.runner.RemoteTestRunner.run(RemoteTestRunner.java:382)&#13;
	at org.eclipse.jdt.internal.junit.runner.RemoteTestRunner.main(RemoteTestRunner.java:192)&#13;
&#13;
</failure>
    </testcase>
    <testcase name="TestConsumerException1" classname="asgn2Tests.CustomerTests" time="0.0"/>
    <testcase name="TestConsumerException2" classname="asgn2Tests.CustomerTests" time="0.0"/>
    <testcase name="TestConsumerException3" classname="asgn2Tests.CustomerTests" time="0.0"/>
    <testcase name="TestConsumerException4" classname="asgn2Tests.CustomerTests" time="0.001"/>
    <testcase name="TestConsumerException5" classname="asgn2Tests.CustomerTests" time="0.0"/>
    <testcase name="TestConsumerException6" classname="asgn2Tests.CustomerTests" time="0.0"/>
    <testcase name="TestConsumerException7" classname="asgn2Tests.CustomerTests" time="0.0"/>
    <testcase name="TestConsumerException8" classname="asgn2Tests.CustomerTests" time="0.0"/>
  </testsuite>
</testrun>
